<?xml version="1.0" encoding="UTF-8"?>
<!-- Generated by org.testng.reporters.JUnitReportReporter -->
<testsuite hostname="DESKTOP-OT5J5RV" failures="0" tests="1" name="com.selenium.ltisample.AppTest" time="13.664" errors="0" timestamp="2024-11-06T18:35:40 IST" skipped="0">
  <testcase classname="com.selenium.ltisample.AppTest" name="searchCucumber" time="13.664"/>
  <system-out/>
</testsuite> <!-- com.selenium.ltisample.AppTest -->
